This file contains any messages produced by compilers while
running configure, to aid debugging if configure makes a mistake.

It was created by libdrm configure 2.4.100, which was
generated by GNU Autoconf 2.69.  Invocation command line was

  $ ./configure 

## --------- ##
## Platform. ##
## --------- ##

hostname = innosilicon
uname -m = x86_64
uname -r = 5.4.0-66-generic
uname -s = Linux
uname -v = #74~18.04.2-Ubuntu SMP Fri Feb 5 11:17:31 UTC 2021

/usr/bin/uname -p = unknown
/bin/uname -X     = unknown

/bin/arch              = unknown
/usr/bin/arch -k       = unknown
/usr/convex/getsysinfo = unknown
/usr/bin/hostinfo      = unknown
/bin/machine           = unknown
/usr/bin/oslevel       = unknown
/bin/universe          = unknown

PATH: /usr/local/sbin
PATH: /usr/local/bin
PATH: /usr/sbin
PATH: /usr/bin
PATH: /sbin
PATH: /bin
PATH: /usr/games
PATH: /usr/local/games
PATH: /snap/bin


## ----------- ##
## Core tests. ##
## ----------- ##

configure:2538: checking for pkg-config
configure:2556: found /usr/bin/pkg-config
configure:2568: result: /usr/bin/pkg-config
configure:2593: checking pkg-config is at least version 0.9.0
configure:2596: result: yes
configure:2635: checking for xsltproc
configure:2653: found /usr/bin/xsltproc
configure:2665: result: /usr/bin/xsltproc
configure:2748: checking build system type
configure:2762: result: x86_64-pc-linux-gnu
configure:2782: checking host system type
configure:2795: result: x86_64-pc-linux-gnu
configure:2815: checking for a sed that does not truncate output
configure:2879: result: /bin/sed
configure:2991: checking for a BSD-compatible install
configure:3059: result: /usr/bin/install -c
configure:3070: checking whether build environment is sane
configure:3125: result: yes
configure:3276: checking for a thread-safe mkdir -p
configure:3315: result: /bin/mkdir -p
configure:3322: checking for gawk
configure:3338: found /usr/bin/gawk
configure:3349: result: gawk
configure:3360: checking whether make sets $(MAKE)
configure:3382: result: yes
configure:3411: checking whether make supports nested variables
configure:3428: result: yes
configure:3567: checking whether make supports nested variables
configure:3584: result: yes
configure:3645: checking for gcc
configure:3661: found /usr/bin/gcc
configure:3672: result: gcc
configure:3901: checking for C compiler version
configure:3910: gcc --version >&5
gcc (Ubuntu 7.5.0-3ubuntu1~18.04) 7.5.0
Copyright (C) 2017 Free Software Foundation, Inc.
This is free software; see the source for copying conditions.  There is NO
warranty; not even for MERCHANTABILITY or FITNESS FOR A PARTICULAR PURPOSE.

configure:3921: $? = 0
configure:3910: gcc -v >&5
Using built-in specs.
COLLECT_GCC=gcc
COLLECT_LTO_WRAPPER=/usr/lib/gcc/x86_64-linux-gnu/7/lto-wrapper
OFFLOAD_TARGET_NAMES=nvptx-none
OFFLOAD_TARGET_DEFAULT=1
Target: x86_64-linux-gnu
Configured with: ../src/configure -v --with-pkgversion='Ubuntu 7.5.0-3ubuntu1~18.04' --with-bugurl=file:///usr/share/doc/gcc-7/README.Bugs --enable-languages=c,ada,c++,go,brig,d,fortran,objc,obj-c++ --prefix=/usr --with-gcc-major-version-only --program-suffix=-7 --program-prefix=x86_64-linux-gnu- --enable-shared --enable-linker-build-id --libexecdir=/usr/lib --without-included-gettext --enable-threads=posix --libdir=/usr/lib --enable-nls --enable-bootstrap --enable-clocale=gnu --enable-libstdcxx-debug --enable-libstdcxx-time=yes --with-default-libstdcxx-abi=new --enable-gnu-unique-object --disable-vtable-verify --enable-libmpx --enable-plugin --enable-default-pie --with-system-zlib --with-target-system-zlib --enable-objc-gc=auto --enable-multiarch --disable-werror --with-arch-32=i686 --with-abi=m64 --with-multilib-list=m32,m64,mx32 --enable-multilib --with-tune=generic --enable-offload-targets=nvptx-none --without-cuda-driver --enable-checking=release --build=x86_64-linux-gnu --host=x86_64-linux-gnu --target=x86_64-linux-gnu
Thread model: posix
gcc version 7.5.0 (Ubuntu 7.5.0-3ubuntu1~18.04) 
configure:3921: $? = 0
configure:3910: gcc -V >&5
gcc: error: unrecognized command line option '-V'
gcc: fatal error: no input files
compilation terminated.
configure:3921: $? = 1
configure:3910: gcc -qversion >&5
gcc: error: unrecognized command line option '-qversion'; did you mean '--version'?
gcc: fatal error: no input files
compilation terminated.
configure:3921: $? = 1
configure:3941: checking whether the C compiler works
configure:3963: gcc    conftest.c  >&5
configure:3967: $? = 0
configure:4015: result: yes
configure:4018: checking for C compiler default output file name
configure:4020: result: a.out
configure:4026: checking for suffix of executables
configure:4033: gcc -o conftest    conftest.c  >&5
configure:4037: $? = 0
configure:4059: result: 
configure:4081: checking whether we are cross compiling
configure:4089: gcc -o conftest    conftest.c  >&5
configure:4093: $? = 0
configure:4100: ./conftest
configure:4104: $? = 0
configure:4119: result: no
configure:4124: checking for suffix of object files
configure:4146: gcc -c   conftest.c >&5
configure:4150: $? = 0
configure:4171: result: o
configure:4175: checking whether we are using the GNU C compiler
configure:4194: gcc -c   conftest.c >&5
configure:4194: $? = 0
configure:4203: result: yes
configure:4212: checking whether gcc accepts -g
configure:4232: gcc -c -g  conftest.c >&5
configure:4232: $? = 0
configure:4273: result: yes
configure:4290: checking for gcc option to accept ISO C89
configure:4353: gcc  -c -g -O2  conftest.c >&5
configure:4353: $? = 0
configure:4366: result: none needed
configure:4391: checking whether gcc understands -c and -o together
configure:4413: gcc -c conftest.c -o conftest2.o
configure:4416: $? = 0
configure:4413: gcc -c conftest.c -o conftest2.o
configure:4416: $? = 0
configure:4428: result: yes
configure:4456: checking for style of include used by make
configure:4484: result: GNU
configure:4510: checking dependency style of gcc
configure:4621: result: gcc3
configure:4636: checking for gcc option to accept ISO C99
configure:4785: gcc  -c -g -O2  conftest.c >&5
configure:4785: $? = 0
configure:4798: result: none needed
configure:4813: checking for BSD- or MS-compatible name lister (nm)
configure:4867: result: /usr/bin/nm -B
configure:4997: checking the name lister (/usr/bin/nm -B) interface
configure:5004: gcc -c -g -O2  conftest.c >&5
configure:5007: /usr/bin/nm -B "conftest.o"
configure:5010: output
0000000000000000 B some_variable
configure:5017: result: BSD nm
configure:5031: checking how to run the C preprocessor
configure:5062: gcc -E  conftest.c
configure:5062: $? = 0
configure:5076: gcc -E  conftest.c
conftest.c:11:10: fatal error: ac_nonexistent.h: No such file or directory
 #include <ac_nonexistent.h>
          ^~~~~~~~~~~~~~~~~~
compilation terminated.
configure:5076: $? = 1
configure: failed program was:
| /* confdefs.h */
| #define PACKAGE_NAME "libdrm"
| #define PACKAGE_TARNAME "libdrm"
| #define PACKAGE_VERSION "2.4.100"
| #define PACKAGE_STRING "libdrm 2.4.100"
| #define PACKAGE_BUGREPORT "https://bugs.freedesktop.org/enter_bug.cgi?product=DRI"
| #define PACKAGE_URL ""
| #define PACKAGE "libdrm"
| #define VERSION "2.4.100"
| /* end confdefs.h.  */
| #include <ac_nonexistent.h>
configure:5101: result: gcc -E
configure:5121: gcc -E  conftest.c
configure:5121: $? = 0
configure:5135: gcc -E  conftest.c
conftest.c:11:10: fatal error: ac_nonexistent.h: No such file or directory
 #include <ac_nonexistent.h>
          ^~~~~~~~~~~~~~~~~~
compilation terminated.
configure:5135: $? = 1
configure: failed program was:
| /* confdefs.h */
| #define PACKAGE_NAME "libdrm"
| #define PACKAGE_TARNAME "libdrm"
| #define PACKAGE_VERSION "2.4.100"
| #define PACKAGE_STRING "libdrm 2.4.100"
| #define PACKAGE_BUGREPORT "https://bugs.freedesktop.org/enter_bug.cgi?product=DRI"
| #define PACKAGE_URL ""
| #define PACKAGE "libdrm"
| #define VERSION "2.4.100"
| /* end confdefs.h.  */
| #include <ac_nonexistent.h>
configure:5164: checking for grep that handles long lines and -e
configure:5222: result: /bin/grep
configure:5227: checking for egrep
configure:5289: result: /bin/grep -E
configure:5294: checking for ANSI C header files
configure:5314: gcc -c -g -O2  conftest.c >&5
configure:5314: $? = 0
configure:5387: gcc -o conftest -g -O2   conftest.c  >&5
configure:5387: $? = 0
configure:5387: ./conftest
configure:5387: $? = 0
configure:5398: result: yes
configure:5411: checking for sys/types.h
configure:5411: gcc -c -g -O2  conftest.c >&5
configure:5411: $? = 0
configure:5411: result: yes
configure:5411: checking for sys/stat.h
configure:5411: gcc -c -g -O2  conftest.c >&5
configure:5411: $? = 0
configure:5411: result: yes
configure:5411: checking for stdlib.h
configure:5411: gcc -c -g -O2  conftest.c >&5
configure:5411: $? = 0
configure:5411: result: yes
configure:5411: checking for string.h
configure:5411: gcc -c -g -O2  conftest.c >&5
configure:5411: $? = 0
configure:5411: result: yes
configure:5411: checking for memory.h
configure:5411: gcc -c -g -O2  conftest.c >&5
configure:5411: $? = 0
configure:5411: result: yes
configure:5411: checking for strings.h
configure:5411: gcc -c -g -O2  conftest.c >&5
configure:5411: $? = 0
configure:5411: result: yes
configure:5411: checking for inttypes.h
configure:5411: gcc -c -g -O2  conftest.c >&5
configure:5411: $? = 0
configure:5411: result: yes
configure:5411: checking for stdint.h
configure:5411: gcc -c -g -O2  conftest.c >&5
configure:5411: $? = 0
configure:5411: result: yes
configure:5411: checking for unistd.h
configure:5411: gcc -c -g -O2  conftest.c >&5
configure:5411: $? = 0
configure:5411: result: yes
configure:5424: checking minix/config.h usability
configure:5424: gcc -c -g -O2  conftest.c >&5
conftest.c:54:10: fatal error: minix/config.h: No such file or directory
 #include <minix/config.h>
          ^~~~~~~~~~~~~~~~
compilation terminated.
configure:5424: $? = 1
configure: failed program was:
| /* confdefs.h */
| #define PACKAGE_NAME "libdrm"
| #define PACKAGE_TARNAME "libdrm"
| #define PACKAGE_VERSION "2.4.100"
| #define PACKAGE_STRING "libdrm 2.4.100"
| #define PACKAGE_BUGREPORT "https://bugs.freedesktop.org/enter_bug.cgi?product=DRI"
| #define PACKAGE_URL ""
| #define PACKAGE "libdrm"
| #define VERSION "2.4.100"
| #define STDC_HEADERS 1
| #define HAVE_SYS_TYPES_H 1
| #define HAVE_SYS_STAT_H 1
| #define HAVE_STDLIB_H 1
| #define HAVE_STRING_H 1
| #define HAVE_MEMORY_H 1
| #define HAVE_STRINGS_H 1
| #define HAVE_INTTYPES_H 1
| #define HAVE_STDINT_H 1
| #define HAVE_UNISTD_H 1
| /* end confdefs.h.  */
| #include <stdio.h>
| #ifdef HAVE_SYS_TYPES_H
| # include <sys/types.h>
| #endif
| #ifdef HAVE_SYS_STAT_H
| # include <sys/stat.h>
| #endif
| #ifdef STDC_HEADERS
| # include <stdlib.h>
| # include <stddef.h>
| #else
| # ifdef HAVE_STDLIB_H
| #  include <stdlib.h>
| # endif
| #endif
| #ifdef HAVE_STRING_H
| # if !defined STDC_HEADERS && defined HAVE_MEMORY_H
| #  include <memory.h>
| # endif
| # include <string.h>
| #endif
| #ifdef HAVE_STRINGS_H
| # include <strings.h>
| #endif
| #ifdef HAVE_INTTYPES_H
| # include <inttypes.h>
| #endif
| #ifdef HAVE_STDINT_H
| # include <stdint.h>
| #endif
| #ifdef HAVE_UNISTD_H
| # include <unistd.h>
| #endif
| #include <minix/config.h>
configure:5424: result: no
configure:5424: checking minix/config.h presence
configure:5424: gcc -E  conftest.c
conftest.c:21:10: fatal error: minix/config.h: No such file or directory
 #include <minix/config.h>
          ^~~~~~~~~~~~~~~~
compilation terminated.
configure:5424: $? = 1
configure: failed program was:
| /* confdefs.h */
| #define PACKAGE_NAME "libdrm"
| #define PACKAGE_TARNAME "libdrm"
| #define PACKAGE_VERSION "2.4.100"
| #define PACKAGE_STRING "libdrm 2.4.100"
| #define PACKAGE_BUGREPORT "https://bugs.freedesktop.org/enter_bug.cgi?product=DRI"
| #define PACKAGE_URL ""
| #define PACKAGE "libdrm"
| #define VERSION "2.4.100"
| #define STDC_HEADERS 1
| #define HAVE_SYS_TYPES_H 1
| #define HAVE_SYS_STAT_H 1
| #define HAVE_STDLIB_H 1
| #define HAVE_STRING_H 1
| #define HAVE_MEMORY_H 1
| #define HAVE_STRINGS_H 1
| #define HAVE_INTTYPES_H 1
| #define HAVE_STDINT_H 1
| #define HAVE_UNISTD_H 1
| /* end confdefs.h.  */
| #include <minix/config.h>
configure:5424: result: no
configure:5424: checking for minix/config.h
configure:5424: result: no
configure:5445: checking whether it is safe to define __EXTENSIONS__
configure:5463: gcc -c -g -O2  conftest.c >&5
configure:5463: $? = 0
configure:5470: result: yes
configure:5491: checking for special C compiler options needed for large files
configure:5536: result: no
configure:5542: checking for _FILE_OFFSET_BITS value needed for large files
configure:5567: gcc -c -g -O2  conftest.c >&5
configure:5567: $? = 0
configure:5599: result: no
configure:5684: checking for size_t
configure:5684: gcc -c -g -O2  conftest.c >&5
configure:5684: $? = 0
configure:5684: gcc -c -g -O2  conftest.c >&5
conftest.c: In function 'main':
conftest.c:62:21: error: expected expression before ')' token
 if (sizeof ((size_t)))
                     ^
configure:5684: $? = 1
configure: failed program was:
| /* confdefs.h */
| #define PACKAGE_NAME "libdrm"
| #define PACKAGE_TARNAME "libdrm"
| #define PACKAGE_VERSION "2.4.100"
| #define PACKAGE_STRING "libdrm 2.4.100"
| #define PACKAGE_BUGREPORT "https://bugs.freedesktop.org/enter_bug.cgi?product=DRI"
| #define PACKAGE_URL ""
| #define PACKAGE "libdrm"
| #define VERSION "2.4.100"
| #define STDC_HEADERS 1
| #define HAVE_SYS_TYPES_H 1
| #define HAVE_SYS_STAT_H 1
| #define HAVE_STDLIB_H 1
| #define HAVE_STRING_H 1
| #define HAVE_MEMORY_H 1
| #define HAVE_STRINGS_H 1
| #define HAVE_INTTYPES_H 1
| #define HAVE_STDINT_H 1
| #define HAVE_UNISTD_H 1
| #define __EXTENSIONS__ 1
| #define _ALL_SOURCE 1
| #define _GNU_SOURCE 1
| #define _POSIX_PTHREAD_SEMANTICS 1
| #define _TANDEM_SOURCE 1
| /* end confdefs.h.  */
| #include <stdio.h>
| #ifdef HAVE_SYS_TYPES_H
| # include <sys/types.h>
| #endif
| #ifdef HAVE_SYS_STAT_H
| # include <sys/stat.h>
| #endif
| #ifdef STDC_HEADERS
| # include <stdlib.h>
| # include <stddef.h>
| #else
| # ifdef HAVE_STDLIB_H
| #  include <stdlib.h>
| # endif
| #endif
| #ifdef HAVE_STRING_H
| # if !defined STDC_HEADERS && defined HAVE_MEMORY_H
| #  include <memory.h>
| # endif
| # include <string.h>
| #endif
| #ifdef HAVE_STRINGS_H
| # include <strings.h>
| #endif
| #ifdef HAVE_INTTYPES_H
| # include <inttypes.h>
| #endif
| #ifdef HAVE_STDINT_H
| # include <stdint.h>
| #endif
| #ifdef HAVE_UNISTD_H
| # include <unistd.h>
| #endif
| int
| main ()
| {
| if (sizeof ((size_t)))
| 	    return 0;
|   ;
|   return 0;
| }
configure:5684: result: yes
configure:5697: checking for working alloca.h
configure:5714: gcc -o conftest -g -O2   conftest.c  >&5
configure:5714: $? = 0
configure:5722: result: yes
configure:5730: checking for alloca
configure:5767: gcc -o conftest -g -O2   conftest.c  >&5
configure:5767: $? = 0
configure:5775: result: yes
configure:5884: checking whether sys/types.h defines makedev
configure:5900: gcc -o conftest -g -O2 -Werror   conftest.c  >&5
conftest.c: In function 'main':
conftest.c:32:13: error: In the GNU C Library, "makedev" is defined
 by <sys/sysmacros.h>. For historical compatibility, it is
 currently defined by <sys/types.h> as well, but we plan to
 remove this soon. To use "makedev", include <sys/sysmacros.h>
 directly. If you did not intend to use a system-defined macro
 "makedev", you should undefine it after including <sys/types.h>. [-Werror]
 return makedev(0, 0);
             ^~~~~~~~~                                                                                                                                                                                                                                                                                                                                                                     
cc1: all warnings being treated as errors
configure:5900: $? = 1
configure: failed program was:
| /* confdefs.h */
| #define PACKAGE_NAME "libdrm"
| #define PACKAGE_TARNAME "libdrm"
| #define PACKAGE_VERSION "2.4.100"
| #define PACKAGE_STRING "libdrm 2.4.100"
| #define PACKAGE_BUGREPORT "https://bugs.freedesktop.org/enter_bug.cgi?product=DRI"
| #define PACKAGE_URL ""
| #define PACKAGE "libdrm"
| #define VERSION "2.4.100"
| #define STDC_HEADERS 1
| #define HAVE_SYS_TYPES_H 1
| #define HAVE_SYS_STAT_H 1
| #define HAVE_STDLIB_H 1
| #define HAVE_STRING_H 1
| #define HAVE_MEMORY_H 1
| #define HAVE_STRINGS_H 1
| #define HAVE_INTTYPES_H 1
| #define HAVE_STDINT_H 1
| #define HAVE_UNISTD_H 1
| #define __EXTENSIONS__ 1
| #define _ALL_SOURCE 1
| #define _GNU_SOURCE 1
| #define _POSIX_PTHREAD_SEMANTICS 1
| #define _TANDEM_SOURCE 1
| #define HAVE_ALLOCA_H 1
| #define HAVE_ALLOCA 1
| /* end confdefs.h.  */
| #include <sys/types.h>
| int
| main ()
| {
| return makedev(0, 0);
|   ;
|   return 0;
| }
configure:5909: result: no
configure:5913: checking sys/mkdev.h usability
configure:5913: gcc -c -g -O2 -Werror  conftest.c >&5
conftest.c:61:10: fatal error: sys/mkdev.h: No such file or directory
 #include <sys/mkdev.h>
          ^~~~~~~~~~~~~
compilation terminated.
configure:5913: $? = 1
configure: failed program was:
| /* confdefs.h */
| #define PACKAGE_NAME "libdrm"
| #define PACKAGE_TARNAME "libdrm"
| #define PACKAGE_VERSION "2.4.100"
| #define PACKAGE_STRING "libdrm 2.4.100"
| #define PACKAGE_BUGREPORT "https://bugs.freedesktop.org/enter_bug.cgi?product=DRI"
| #define PACKAGE_URL ""
| #define PACKAGE "libdrm"
| #define VERSION "2.4.100"
| #define STDC_HEADERS 1
| #define HAVE_SYS_TYPES_H 1
| #define HAVE_SYS_STAT_H 1
| #define HAVE_STDLIB_H 1
| #define HAVE_STRING_H 1
| #define HAVE_MEMORY_H 1
| #define HAVE_STRINGS_H 1
| #define HAVE_INTTYPES_H 1
| #define HAVE_STDINT_H 1
| #define HAVE_UNISTD_H 1
| #define __EXTENSIONS__ 1
| #define _ALL_SOURCE 1
| #define _GNU_SOURCE 1
| #define _POSIX_PTHREAD_SEMANTICS 1
| #define _TANDEM_SOURCE 1
| #define HAVE_ALLOCA_H 1
| #define HAVE_ALLOCA 1
| /* end confdefs.h.  */
| #include <stdio.h>
| #ifdef HAVE_SYS_TYPES_H
| # include <sys/types.h>
| #endif
| #ifdef HAVE_SYS_STAT_H
| # include <sys/stat.h>
| #endif
| #ifdef STDC_HEADERS
| # include <stdlib.h>
| # include <stddef.h>
| #else
| # ifdef HAVE_STDLIB_H
| #  include <stdlib.h>
| # endif
| #endif
| #ifdef HAVE_STRING_H
| # if !defined STDC_HEADERS && defined HAVE_MEMORY_H
| #  include <memory.h>
| # endif
| # include <string.h>
| #endif
| #ifdef HAVE_STRINGS_H
| # include <strings.h>
| #endif
| #ifdef HAVE_INTTYPES_H
| # include <inttypes.h>
| #endif
| #ifdef HAVE_STDINT_H
| # include <stdint.h>
| #endif
| #ifdef HAVE_UNISTD_H
| # include <unistd.h>
| #endif
| #include <sys/mkdev.h>
configure:5913: result: no
configure:5913: checking sys/mkdev.h presence
configure:5913: gcc -E  conftest.c
conftest.c:28:10: fatal error: sys/mkdev.h: No such file or directory
 #include <sys/mkdev.h>
          ^~~~~~~~~~~~~
compilation terminated.
configure:5913: $? = 1
configure: failed program was:
| /* confdefs.h */
| #define PACKAGE_NAME "libdrm"
| #define PACKAGE_TARNAME "libdrm"
| #define PACKAGE_VERSION "2.4.100"
| #define PACKAGE_STRING "libdrm 2.4.100"
| #define PACKAGE_BUGREPORT "https://bugs.freedesktop.org/enter_bug.cgi?product=DRI"
| #define PACKAGE_URL ""
| #define PACKAGE "libdrm"
| #define VERSION "2.4.100"
| #define STDC_HEADERS 1
| #define HAVE_SYS_TYPES_H 1
| #define HAVE_SYS_STAT_H 1
| #define HAVE_STDLIB_H 1
| #define HAVE_STRING_H 1
| #define HAVE_MEMORY_H 1
| #define HAVE_STRINGS_H 1
| #define HAVE_INTTYPES_H 1
| #define HAVE_STDINT_H 1
| #define HAVE_UNISTD_H 1
| #define __EXTENSIONS__ 1
| #define _ALL_SOURCE 1
| #define _GNU_SOURCE 1
| #define _POSIX_PTHREAD_SEMANTICS 1
| #define _TANDEM_SOURCE 1
| #define HAVE_ALLOCA_H 1
| #define HAVE_ALLOCA 1
| /* end confdefs.h.  */
| #include <sys/mkdev.h>
configure:5913: result: no
configure:5913: checking for sys/mkdev.h
configure:5913: result: no
configure:5923: checking sys/sysmacros.h usability
configure:5923: gcc -c -g -O2 -Werror  conftest.c >&5
configure:5923: $? = 0
configure:5923: result: yes
configure:5923: checking sys/sysmacros.h presence
configure:5923: gcc -E  conftest.c
configure:5923: $? = 0
configure:5923: result: yes
configure:5923: checking for sys/sysmacros.h
configure:5923: result: yes
configure:5939: checking sys/sysctl.h usability
configure:5939: gcc -c -g -O2  conftest.c >&5
configure:5939: $? = 0
configure:5939: result: yes
configure:5939: checking sys/sysctl.h presence
configure:5939: gcc -E  conftest.c
configure:5939: $? = 0
configure:5939: result: yes
configure:5939: checking for sys/sysctl.h
configure:5939: result: yes
configure:5939: checking sys/select.h usability
configure:5939: gcc -c -g -O2  conftest.c >&5
configure:5939: $? = 0
configure:5939: result: yes
configure:5939: checking sys/select.h presence
configure:5939: gcc -E  conftest.c
configure:5939: $? = 0
configure:5939: result: yes
configure:5939: checking for sys/select.h
configure:5939: result: yes
configure:5998: checking how to print strings
configure:6025: result: printf
configure:6046: checking for a sed that does not truncate output
configure:6110: result: /bin/sed
configure:6128: checking for fgrep
configure:6190: result: /bin/grep -F
configure:6225: checking for ld used by gcc
configure:6292: result: /usr/bin/ld
configure:6299: checking if the linker (/usr/bin/ld) is GNU ld
configure:6314: result: yes
configure:6326: checking whether ln -s works
configure:6330: result: yes
configure:6338: checking the maximum length of command line arguments
configure:6469: result: 1572864
configure:6517: checking how to convert x86_64-pc-linux-gnu file names to x86_64-pc-linux-gnu format
configure:6557: result: func_convert_file_noop
configure:6564: checking how to convert x86_64-pc-linux-gnu file names to toolchain format
configure:6584: result: func_convert_file_noop
configure:6591: checking for /usr/bin/ld option to reload object files
configure:6598: result: -r
configure:6672: checking for objdump
configure:6688: found /usr/bin/objdump
configure:6699: result: objdump
configure:6731: checking how to recognize dependent libraries
configure:6931: result: pass_all
configure:7016: checking for dlltool
configure:7046: result: no
configure:7076: checking how to associate runtime and link libraries
configure:7103: result: printf %s\n
configure:7163: checking for ar
configure:7179: found /usr/bin/ar
configure:7190: result: ar
configure:7243: checking for archiver @FILE support
configure:7260: gcc -c -g -O2  conftest.c >&5
configure:7260: $? = 0
configure:7263: ar cr libconftest.a @conftest.lst >&5
configure:7266: $? = 0
configure:7271: ar cr libconftest.a @conftest.lst >&5
ar: conftest.o: No such file or directory
configure:7274: $? = 1
configure:7286: result: @
configure:7344: checking for strip
configure:7360: found /usr/bin/strip
configure:7371: result: strip
configure:7443: checking for ranlib
configure:7459: found /usr/bin/ranlib
configure:7470: result: ranlib
configure:7572: checking command to parse /usr/bin/nm -B output from gcc object
configure:7725: gcc -c -g -O2  conftest.c >&5
configure:7728: $? = 0
configure:7732: /usr/bin/nm -B conftest.o \| sed -n -e 's/^.*[ ]\([ABCDGIRSTW][ABCDGIRSTW]*\)[ ][ ]*\([_A-Za-z][_A-Za-z0-9]*\)$/\1 \2 \2/p' | sed '/ __gnu_lto/d' \> conftest.nm
configure:7735: $? = 0
configure:7801: gcc -o conftest -g -O2   conftest.c conftstm.o >&5
configure:7804: $? = 0
configure:7842: result: ok
configure:7889: checking for sysroot
configure:7919: result: no
configure:7926: checking for a working dd
configure:7964: result: /bin/dd
configure:7968: checking how to truncate binary pipes
configure:7983: result: /bin/dd bs=4096 count=1
configure:8119: gcc -c -g -O2  conftest.c >&5
configure:8122: $? = 0
configure:8312: checking for mt
configure:8328: found /bin/mt
configure:8339: result: mt
configure:8362: checking if mt is a manifest tool
configure:8368: mt '-?'
configure:8376: result: no
configure:9050: checking for dlfcn.h
configure:9050: gcc -c -g -O2  conftest.c >&5
configure:9050: $? = 0
configure:9050: result: yes
configure:9305: checking for objdir
configure:9320: result: .libs
configure:9584: checking if gcc supports -fno-rtti -fno-exceptions
configure:9602: gcc -c -g -O2  -fno-rtti -fno-exceptions conftest.c >&5
cc1: warning: command line option '-fno-rtti' is valid for C++/ObjC++ but not for C
configure:9606: $? = 0
configure:9619: result: no
configure:9977: checking for gcc option to produce PIC
configure:9984: result: -fPIC -DPIC
configure:9992: checking if gcc PIC flag -fPIC -DPIC works
configure:10010: gcc -c -g -O2  -fPIC -DPIC -DPIC conftest.c >&5
configure:10014: $? = 0
configure:10027: result: yes
configure:10056: checking if gcc static flag -static works
configure:10084: result: yes
configure:10099: checking if gcc supports -c -o file.o
configure:10120: gcc -c -g -O2  -o out/conftest2.o conftest.c >&5
configure:10124: $? = 0
configure:10146: result: yes
configure:10154: checking if gcc supports -c -o file.o
configure:10201: result: yes
configure:10234: checking whether the gcc linker (/usr/bin/ld -m elf_x86_64) supports shared libraries
configure:11495: result: yes
configure:11532: checking whether -lc should be explicitly linked in
configure:11540: gcc -c -g -O2  conftest.c >&5
configure:11543: $? = 0
configure:11558: gcc -shared  -fPIC -DPIC conftest.o  -v -Wl,-soname -Wl,conftest -o conftest 2\>\&1 \| /bin/grep  -lc  \>/dev/null 2\>\&1
configure:11561: $? = 0
configure:11575: result: no
configure:11735: checking dynamic linker characteristics
configure:12316: gcc -o conftest -g -O2   -Wl,-rpath -Wl,/foo conftest.c  >&5
configure:12316: $? = 0
configure:12553: result: GNU/Linux ld.so
configure:12675: checking how to hardcode library paths into programs
configure:12700: result: immediate
configure:13248: checking whether stripping libraries is possible
configure:13257: result: yes
configure:13299: checking if libtool supports shared libraries
configure:13301: result: yes
configure:13304: checking whether to build shared libraries
configure:13329: result: yes
configure:13332: checking whether to build static libraries
configure:13336: result: no
configure:13609: checking for clock_gettime
configure:13609: gcc -o conftest -g -O2   conftest.c  >&5
configure:13609: $? = 0
configure:13609: result: yes
configure:13665: checking for open_memstream
configure:13665: gcc -o conftest -g -O2   conftest.c  >&5
configure:13665: $? = 0
configure:13665: result: yes
configure:13697: checking for supported warning flags
configure:13719: checking whether gcc supports -Wall
configure:13729: gcc -c -g -O2 -Wall  conftest.c >&5
configure:13729: $? = 0
configure:13742: result: yes
configure:13719: checking whether gcc supports -Wextra
configure:13729: gcc -c -g -O2 -Wextra  conftest.c >&5
configure:13729: $? = 0
configure:13742: result: yes
configure:13719: checking whether gcc supports -Werror=undef
configure:13729: gcc -c -g -O2 -Werror=undef  conftest.c >&5
configure:13729: $? = 0
configure:13742: result: yes
configure:13719: checking whether gcc supports -Wsign-compare
configure:13729: gcc -c -g -O2 -Wsign-compare  conftest.c >&5
configure:13729: $? = 0
configure:13742: result: yes
configure:13719: checking whether gcc supports -Werror-implicit-function-declaration
configure:13729: gcc -c -g -O2 -Werror-implicit-function-declaration  conftest.c >&5
configure:13729: $? = 0
configure:13742: result: yes
configure:13719: checking whether gcc supports -Wpointer-arith
configure:13729: gcc -c -g -O2 -Wpointer-arith  conftest.c >&5
configure:13729: $? = 0
configure:13742: result: yes
configure:13719: checking whether gcc supports -Wwrite-strings
configure:13729: gcc -c -g -O2 -Wwrite-strings  conftest.c >&5
configure:13729: $? = 0
configure:13742: result: yes
configure:13719: checking whether gcc supports -Wstrict-prototypes
configure:13729: gcc -c -g -O2 -Wstrict-prototypes  conftest.c >&5
configure:13729: $? = 0
configure:13742: result: yes
configure:13719: checking whether gcc supports -Wmissing-prototypes
configure:13729: gcc -c -g -O2 -Wmissing-prototypes  conftest.c >&5
configure:13729: $? = 0
configure:13742: result: yes
configure:13719: checking whether gcc supports -Wmissing-declarations
configure:13729: gcc -c -g -O2 -Wmissing-declarations  conftest.c >&5
configure:13729: $? = 0
configure:13742: result: yes
configure:13719: checking whether gcc supports -Wnested-externs
configure:13729: gcc -c -g -O2 -Wnested-externs  conftest.c >&5
configure:13729: $? = 0
configure:13742: result: yes
configure:13719: checking whether gcc supports -Wpacked
configure:13729: gcc -c -g -O2 -Wpacked  conftest.c >&5
configure:13729: $? = 0
configure:13742: result: yes
configure:13719: checking whether gcc supports -Wswitch-enum
configure:13729: gcc -c -g -O2 -Wswitch-enum  conftest.c >&5
configure:13729: $? = 0
configure:13742: result: yes
configure:13719: checking whether gcc supports -Wmissing-format-attribute
configure:13729: gcc -c -g -O2 -Wmissing-format-attribute  conftest.c >&5
configure:13729: $? = 0
configure:13742: result: yes
configure:13719: checking whether gcc supports -Wstrict-aliasing=2
configure:13729: gcc -c -g -O2 -Wstrict-aliasing=2  conftest.c >&5
configure:13729: $? = 0
configure:13742: result: yes
configure:13719: checking whether gcc supports -Winit-self
configure:13729: gcc -c -g -O2 -Winit-self  conftest.c >&5
configure:13729: $? = 0
configure:13742: result: yes
configure:13719: checking whether gcc supports -Wdeclaration-after-statement
configure:13729: gcc -c -g -O2 -Wdeclaration-after-statement  conftest.c >&5
configure:13729: $? = 0
configure:13742: result: yes
configure:13719: checking whether gcc supports -Wold-style-definition
configure:13729: gcc -c -g -O2 -Wold-style-definition  conftest.c >&5
configure:13729: $? = 0
configure:13742: result: yes
configure:13719: checking whether gcc supports -Wno-unused-parameter
configure:13729: gcc -c -g -O2 -Wno-unused-parameter  conftest.c >&5
configure:13729: $? = 0
configure:13742: result: yes
configure:13719: checking whether gcc supports -Wno-attributes
configure:13729: gcc -c -g -O2 -Wno-attributes  conftest.c >&5
configure:13729: $? = 0
configure:13742: result: yes
configure:13719: checking whether gcc supports -Wno-long-long
configure:13729: gcc -c -g -O2 -Wno-long-long  conftest.c >&5
configure:13729: $? = 0
configure:13742: result: yes
configure:13719: checking whether gcc supports -Winline
configure:13729: gcc -c -g -O2 -Winline  conftest.c >&5
configure:13729: $? = 0
configure:13742: result: yes
configure:13719: checking whether gcc supports -Wshadow
configure:13729: gcc -c -g -O2 -Wshadow  conftest.c >&5
configure:13729: $? = 0
configure:13742: result: yes
configure:13719: checking whether gcc supports -Wno-missing-field-initializers
configure:13729: gcc -c -g -O2 -Wno-missing-field-initializers  conftest.c >&5
configure:13729: $? = 0
configure:13742: result: yes
configure:13750: checking which warning flags were supported
configure:13753: result:  -Wall -Wextra -Werror=undef -Wsign-compare -Werror-implicit-function-declaration -Wpointer-arith -Wwrite-strings -Wstrict-prototypes -Wmissing-prototypes -Wmissing-declarations -Wnested-externs -Wpacked -Wswitch-enum -Wmissing-format-attribute -Wstrict-aliasing=2 -Winit-self -Wdeclaration-after-statement -Wold-style-definition -Wno-unused-parameter -Wno-attributes -Wno-long-long -Winline -Wshadow -Wno-missing-field-initializers
configure:13758: checking for native atomic primitives
configure:13780: gcc -o conftest -g -O2   conftest.c  >&5
configure:13780: $? = 0
configure:13805: result: Intel
configure:13940: checking for PCIACCESS
configure:13947: $PKG_CONFIG --exists --print-errors "pciaccess >= 0.10"
configure:13950: $? = 0
configure:13964: $PKG_CONFIG --exists --print-errors "pciaccess >= 0.10"
configure:13967: $? = 0
configure:14025: result: yes
configure:14191: checking for CUNIT
configure:14198: $PKG_CONFIG --exists --print-errors "cunit >= 2.1"
Package cunit was not found in the pkg-config search path.
Perhaps you should add the directory containing `cunit.pc'
to the PKG_CONFIG_PATH environment variable
No package 'cunit' found
configure:14201: $? = 1
configure:14215: $PKG_CONFIG --exists --print-errors "cunit >= 2.1"
Package cunit was not found in the pkg-config search path.
Perhaps you should add the directory containing `cunit.pc'
to the PKG_CONFIG_PATH environment variable
No package 'cunit' found
configure:14218: $? = 1
configure:14232: result: no
No package 'cunit' found
configure:14264: checking for CU_initialize_registry in -lcunit
configure:14289: gcc -o conftest -g -O2   conftest.c -lcunit   >&5
/usr/bin/ld: cannot find -lcunit
collect2: error: ld returned 1 exit status
configure:14289: $? = 1
configure: failed program was:
| /* confdefs.h */
| #define PACKAGE_NAME "libdrm"
| #define PACKAGE_TARNAME "libdrm"
| #define PACKAGE_VERSION "2.4.100"
| #define PACKAGE_STRING "libdrm 2.4.100"
| #define PACKAGE_BUGREPORT "https://bugs.freedesktop.org/enter_bug.cgi?product=DRI"
| #define PACKAGE_URL ""
| #define PACKAGE "libdrm"
| #define VERSION "2.4.100"
| #define STDC_HEADERS 1
| #define HAVE_SYS_TYPES_H 1
| #define HAVE_SYS_STAT_H 1
| #define HAVE_STDLIB_H 1
| #define HAVE_STRING_H 1
| #define HAVE_MEMORY_H 1
| #define HAVE_STRINGS_H 1
| #define HAVE_INTTYPES_H 1
| #define HAVE_STDINT_H 1
| #define HAVE_UNISTD_H 1
| #define __EXTENSIONS__ 1
| #define _ALL_SOURCE 1
| #define _GNU_SOURCE 1
| #define _POSIX_PTHREAD_SEMANTICS 1
| #define _TANDEM_SOURCE 1
| #define HAVE_ALLOCA_H 1
| #define HAVE_ALLOCA 1
| #define MAJOR_IN_SYSMACROS 1
| #define HAVE_SYS_SYSCTL_H 1
| #define HAVE_SYS_SELECT_H 1
| #define HAVE_DLFCN_H 1
| #define LT_OBJDIR ".libs/"
| #define HAVE_CLOCK_GETTIME 1
| #define HAVE_OPEN_MEMSTREAM 1
| #define HAVE_OPEN_MEMSTREAM 1
| #define HAVE_LIBDRM_ATOMIC_PRIMITIVES 1
| #define HAVE_LIB_ATOMIC_OPS 0
| #define UDEV 0
| #define HAVE_INTEL 1
| #define HAVE_VMWGFX 1
| #define HAVE_NOUVEAU 1
| #define HAVE_EXYNOS 0
| #define HAVE_FREEDRENO_KGSL 0
| #define HAVE_RADEON 1
| /* end confdefs.h.  */
| 
| /* Override any GCC internal prototype to avoid an error.
|    Use char because int might match the return type of a GCC
|    builtin and then its argument prototype would still apply.  */
| #ifdef __cplusplus
| extern "C"
| #endif
| char CU_initialize_registry ();
| int
| main ()
| {
| return CU_initialize_registry ();
|   ;
|   return 0;
| }
configure:14298: result: no
configure:14339: WARNING: Could not find cunit library. Disabling amdgpu tests
configure:14401: checking for CAIRO
configure:14408: $PKG_CONFIG --exists --print-errors "cairo"
Package cairo was not found in the pkg-config search path.
Perhaps you should add the directory containing `cairo.pc'
to the PKG_CONFIG_PATH environment variable
No package 'cairo' found
configure:14411: $? = 1
configure:14425: $PKG_CONFIG --exists --print-errors "cairo"
Package cairo was not found in the pkg-config search path.
Perhaps you should add the directory containing `cairo.pc'
to the PKG_CONFIG_PATH environment variable
No package 'cairo' found
configure:14428: $? = 1
configure:14442: result: no
No package 'cairo' found
configure:14471: checking whether to enable Cairo tests
configure:14487: result: no
configure:14516: checking for docbook manpages stylesheet
configure:14551: result: no
configure:14573: checking for VALGRIND
configure:14580: $PKG_CONFIG --exists --print-errors "valgrind"
configure:14583: $? = 0
configure:14597: $PKG_CONFIG --exists --print-errors "valgrind"
configure:14600: $? = 0
configure:14638: result: yes
configure:14643: checking whether to enable Valgrind support
configure:14661: result: yes
configure:14672: checking whether gcc supports __attribute__(("hidden"))
configure:14687: gcc -o conftest -g -O2   conftest.c  >&5
configure:14687: $? = 0
configure:14688: result: yes
configure:14824: checking that generated files are newer than configure
configure:14830: result: done
configure:14925: creating ./config.status

## ---------------------- ##
## Running config.status. ##
## ---------------------- ##

This file was extended by libdrm config.status 2.4.100, which was
generated by GNU Autoconf 2.69.  Invocation command line was

  CONFIG_FILES    = 
  CONFIG_HEADERS  = 
  CONFIG_LINKS    = 
  CONFIG_COMMANDS = 
  $ ./config.status 

on innosilicon

config.status:1229: creating Makefile
config.status:1229: creating data/Makefile
config.status:1229: creating libkms/Makefile
config.status:1229: creating libkms/libkms.pc
config.status:1229: creating intel/Makefile
config.status:1229: creating intel/libdrm_intel.pc
config.status:1229: creating radeon/Makefile
config.status:1229: creating radeon/libdrm_radeon.pc
config.status:1229: creating amdgpu/Makefile
config.status:1229: creating amdgpu/libdrm_amdgpu.pc
config.status:1229: creating nouveau/Makefile
config.status:1229: creating nouveau/libdrm_nouveau.pc
config.status:1229: creating omap/Makefile
config.status:1229: creating omap/libdrm_omap.pc
config.status:1229: creating exynos/Makefile
config.status:1229: creating exynos/libdrm_exynos.pc
config.status:1229: creating freedreno/Makefile
config.status:1229: creating freedreno/libdrm_freedreno.pc
config.status:1229: creating tegra/Makefile
config.status:1229: creating tegra/libdrm_tegra.pc
config.status:1229: creating vc4/Makefile
config.status:1229: creating vc4/libdrm_vc4.pc
config.status:1229: creating etnaviv/Makefile
config.status:1229: creating etnaviv/libdrm_etnaviv.pc
config.status:1229: creating tests/Makefile
config.status:1229: creating tests/modeprint/Makefile
config.status:1229: creating tests/modetest/Makefile
config.status:1229: creating tests/kms/Makefile
config.status:1229: creating tests/kmstest/Makefile
config.status:1229: creating tests/proptest/Makefile
config.status:1229: creating tests/radeon/Makefile
config.status:1229: creating tests/amdgpu/Makefile
config.status:1229: creating tests/vbltest/Makefile
config.status:1229: creating tests/exynos/Makefile
config.status:1229: creating tests/tegra/Makefile
config.status:1229: creating tests/nouveau/Makefile
config.status:1229: creating tests/etnaviv/Makefile
config.status:1229: creating tests/util/Makefile
config.status:1229: creating man/Makefile
config.status:1229: creating libdrm.pc
config.status:1229: creating config.h
config.status:1410: config.h is unchanged
config.status:1458: executing depfiles commands
config.status:1458: executing libtool commands

## ---------------- ##
## Cache variables. ##
## ---------------- ##

ac_cv_build=x86_64-pc-linux-gnu
ac_cv_c_compiler_gnu=yes
ac_cv_env_CAIRO_CFLAGS_set=
ac_cv_env_CAIRO_CFLAGS_value=
ac_cv_env_CAIRO_LIBS_set=
ac_cv_env_CAIRO_LIBS_value=
ac_cv_env_CC_set=
ac_cv_env_CC_value=
ac_cv_env_CFLAGS_set=
ac_cv_env_CFLAGS_value=
ac_cv_env_CPPFLAGS_set=
ac_cv_env_CPPFLAGS_value=
ac_cv_env_CPP_set=
ac_cv_env_CPP_value=
ac_cv_env_CUNIT_CFLAGS_set=
ac_cv_env_CUNIT_CFLAGS_value=
ac_cv_env_CUNIT_LIBS_set=
ac_cv_env_CUNIT_LIBS_value=
ac_cv_env_LDFLAGS_set=
ac_cv_env_LDFLAGS_value=
ac_cv_env_LIBS_set=
ac_cv_env_LIBS_value=
ac_cv_env_LT_SYS_LIBRARY_PATH_set=
ac_cv_env_LT_SYS_LIBRARY_PATH_value=
ac_cv_env_PCIACCESS_CFLAGS_set=
ac_cv_env_PCIACCESS_CFLAGS_value=
ac_cv_env_PCIACCESS_LIBS_set=
ac_cv_env_PCIACCESS_LIBS_value=
ac_cv_env_PKG_CONFIG_LIBDIR_set=
ac_cv_env_PKG_CONFIG_LIBDIR_value=
ac_cv_env_PKG_CONFIG_PATH_set=
ac_cv_env_PKG_CONFIG_PATH_value=
ac_cv_env_PKG_CONFIG_set=
ac_cv_env_PKG_CONFIG_value=
ac_cv_env_PTHREADSTUBS_CFLAGS_set=
ac_cv_env_PTHREADSTUBS_CFLAGS_value=
ac_cv_env_PTHREADSTUBS_LIBS_set=
ac_cv_env_PTHREADSTUBS_LIBS_value=
ac_cv_env_VALGRIND_CFLAGS_set=
ac_cv_env_VALGRIND_CFLAGS_value=
ac_cv_env_VALGRIND_LIBS_set=
ac_cv_env_VALGRIND_LIBS_value=
ac_cv_env_XSLTPROC_set=
ac_cv_env_XSLTPROC_value=
ac_cv_env_build_alias_set=
ac_cv_env_build_alias_value=
ac_cv_env_host_alias_set=
ac_cv_env_host_alias_value=
ac_cv_env_target_alias_set=
ac_cv_env_target_alias_value=
ac_cv_func_alloca_works=yes
ac_cv_func_clock_gettime=yes
ac_cv_func_open_memstream=yes
ac_cv_header_dlfcn_h=yes
ac_cv_header_inttypes_h=yes
ac_cv_header_memory_h=yes
ac_cv_header_minix_config_h=no
ac_cv_header_stdc=yes
ac_cv_header_stdint_h=yes
ac_cv_header_stdlib_h=yes
ac_cv_header_string_h=yes
ac_cv_header_strings_h=yes
ac_cv_header_sys_mkdev_h=no
ac_cv_header_sys_select_h=yes
ac_cv_header_sys_stat_h=yes
ac_cv_header_sys_sysctl_h=yes
ac_cv_header_sys_sysmacros_h=yes
ac_cv_header_sys_types_h=yes
ac_cv_header_sys_types_h_makedev=no
ac_cv_header_unistd_h=yes
ac_cv_host=x86_64-pc-linux-gnu
ac_cv_lib_cunit_CU_initialize_registry=no
ac_cv_objext=o
ac_cv_path_EGREP='/bin/grep -E'
ac_cv_path_FGREP='/bin/grep -F'
ac_cv_path_GREP=/bin/grep
ac_cv_path_SED=/bin/sed
ac_cv_path_XSLTPROC=/usr/bin/xsltproc
ac_cv_path_ac_pt_PKG_CONFIG=/usr/bin/pkg-config
ac_cv_path_install='/usr/bin/install -c'
ac_cv_path_lt_DD=/bin/dd
ac_cv_path_mkdir=/bin/mkdir
ac_cv_prog_AWK=gawk
ac_cv_prog_CPP='gcc -E'
ac_cv_prog_ac_ct_AR=ar
ac_cv_prog_ac_ct_CC=gcc
ac_cv_prog_ac_ct_MANIFEST_TOOL=mt
ac_cv_prog_ac_ct_OBJDUMP=objdump
ac_cv_prog_ac_ct_RANLIB=ranlib
ac_cv_prog_ac_ct_STRIP=strip
ac_cv_prog_cc_c89=
ac_cv_prog_cc_c99=
ac_cv_prog_cc_g=yes
ac_cv_prog_make_make_set=yes
ac_cv_safe_to_define___extensions__=yes
ac_cv_sys_file_offset_bits=no
ac_cv_sys_largefile_CC=no
ac_cv_type_size_t=yes
ac_cv_working_alloca_h=yes
am_cv_CC_dependencies_compiler_type=gcc3
am_cv_make_support_nested_variables=yes
am_cv_prog_cc_c_o=yes
drm_cv_atomic_primitives=Intel
libdrm_cv_warn_cflags=' -Wall -Wextra -Werror=undef -Wsign-compare -Werror-implicit-function-declaration -Wpointer-arith -Wwrite-strings -Wstrict-prototypes -Wmissing-prototypes -Wmissing-declarations -Wnested-externs -Wpacked -Wswitch-enum -Wmissing-format-attribute -Wstrict-aliasing=2 -Winit-self -Wdeclaration-after-statement -Wold-style-definition -Wno-unused-parameter -Wno-attributes -Wno-long-long -Winline -Wshadow -Wno-missing-field-initializers'
libdrm_cv_warn_maybe='-Wall -Wextra -Werror=undef -Wsign-compare -Werror-implicit-function-declaration -Wpointer-arith -Wwrite-strings -Wstrict-prototypes -Wmissing-prototypes -Wmissing-declarations -Wnested-externs -Wpacked -Wswitch-enum -Wmissing-format-attribute -Wstrict-aliasing=2 -Winit-self -Wdeclaration-after-statement -Wold-style-definition -Wno-unused-parameter -Wno-attributes -Wno-long-long -Winline -Wshadow -Wno-missing-field-initializers'
lt_cv_ar_at_file=@
lt_cv_archive_cmds_need_lc=no
lt_cv_deplibs_check_method=pass_all
lt_cv_file_magic_cmd='$MAGIC_CMD'
lt_cv_file_magic_test_file=
lt_cv_ld_reload_flag=-r
lt_cv_nm_interface='BSD nm'
lt_cv_objdir=.libs
lt_cv_path_LD=/usr/bin/ld
lt_cv_path_NM='/usr/bin/nm -B'
lt_cv_path_mainfest_tool=no
lt_cv_prog_compiler_c_o=yes
lt_cv_prog_compiler_pic='-fPIC -DPIC'
lt_cv_prog_compiler_pic_works=yes
lt_cv_prog_compiler_rtti_exceptions=no
lt_cv_prog_compiler_static_works=yes
lt_cv_prog_gnu_ld=yes
lt_cv_sharedlib_from_linklib_cmd='printf %s\n'
lt_cv_shlibpath_overrides_runpath=yes
lt_cv_sys_global_symbol_pipe='sed -n -e '\''s/^.*[	 ]\([ABCDGIRSTW][ABCDGIRSTW]*\)[	 ][	 ]*\([_A-Za-z][_A-Za-z0-9]*\)$/\1 \2 \2/p'\'' | sed '\''/ __gnu_lto/d'\'''
lt_cv_sys_global_symbol_to_c_name_address='sed -n -e '\''s/^: \(.*\) .*$/  {"\1", (void *) 0},/p'\'' -e '\''s/^[ABCDGIRSTW][ABCDGIRSTW]* .* \(.*\)$/  {"\1", (void *) \&\1},/p'\'''
lt_cv_sys_global_symbol_to_c_name_address_lib_prefix='sed -n -e '\''s/^: \(.*\) .*$/  {"\1", (void *) 0},/p'\'' -e '\''s/^[ABCDGIRSTW][ABCDGIRSTW]* .* \(lib.*\)$/  {"\1", (void *) \&\1},/p'\'' -e '\''s/^[ABCDGIRSTW][ABCDGIRSTW]* .* \(.*\)$/  {"lib\1", (void *) \&\1},/p'\'''
lt_cv_sys_global_symbol_to_cdecl='sed -n -e '\''s/^T .* \(.*\)$/extern int \1();/p'\'' -e '\''s/^[ABCDGIRSTW][ABCDGIRSTW]* .* \(.*\)$/extern char \1;/p'\'''
lt_cv_sys_global_symbol_to_import=
lt_cv_sys_max_cmd_len=1572864
lt_cv_to_host_file_cmd=func_convert_file_noop
lt_cv_to_tool_file_cmd=func_convert_file_noop
lt_cv_truncate_bin='/bin/dd bs=4096 count=1'
pkg_cv_PCIACCESS_CFLAGS=
pkg_cv_PCIACCESS_LIBS=-lpciaccess
pkg_cv_VALGRIND_CFLAGS=-I/usr/include/valgrind
pkg_cv_VALGRIND_LIBS='-L/usr/lib/valgrind -lcoregrind-amd64-linux -lvex-amd64-linux -lgcc'

## ----------------- ##
## Output variables. ##
## ----------------- ##

ACLOCAL='${SHELL} /home/inno/caoy/libdrm-2.4.100/build-aux/missing aclocal-1.15'
ADMIN_MAN_DIR='$(mandir)/man$(ADMIN_MAN_SUFFIX)'
ADMIN_MAN_SUFFIX='8'
ALLOCA=''
AMDEPBACKSLASH='\'
AMDEP_FALSE='#'
AMDEP_TRUE=''
AMTAR='$${TAR-tar}'
AM_BACKSLASH='\'
AM_DEFAULT_V='$(AM_DEFAULT_VERBOSITY)'
AM_DEFAULT_VERBOSITY='0'
AM_V='$(V)'
APP_MAN_DIR='$(mandir)/man$(APP_MAN_SUFFIX)'
APP_MAN_SUFFIX='1'
AR='ar'
AUTOCONF='${SHELL} /home/inno/caoy/libdrm-2.4.100/build-aux/missing autoconf'
AUTOHEADER='${SHELL} /home/inno/caoy/libdrm-2.4.100/build-aux/missing autoheader'
AUTOMAKE='${SHELL} /home/inno/caoy/libdrm-2.4.100/build-aux/missing automake-1.15'
AWK='gawk'
BUILD_MANPAGES_FALSE='#'
BUILD_MANPAGES_TRUE=''
CAIRO_CFLAGS=''
CAIRO_LIBS=''
CC='gcc'
CCDEPMODE='depmode=gcc3'
CFLAGS='-g -O2'
CLOCK_LIB=''
CPP='gcc -E'
CPPFLAGS=' -include config.h'
CUNIT_CFLAGS=''
CUNIT_LIBS=''
CYGPATH_W='echo'
DEFS='-DHAVE_CONFIG_H'
DEPDIR='.deps'
DLLTOOL='false'
DRIVER_MAN_DIR='$(mandir)/man$(DRIVER_MAN_SUFFIX)'
DRIVER_MAN_SUFFIX='4'
DSYMUTIL=''
DUMPBIN=''
ECHO_C=''
ECHO_N='-n'
ECHO_T=''
EGREP='/bin/grep -E'
EXEEXT=''
FGREP='/bin/grep -F'
FILE_MAN_DIR='$(mandir)/man$(FILE_MAN_SUFFIX)'
FILE_MAN_SUFFIX='5'
GREP='/bin/grep'
HAVE_AMDGPU_FALSE='#'
HAVE_AMDGPU_TRUE=''
HAVE_CAIRO_FALSE=''
HAVE_CAIRO_TRUE='#'
HAVE_CUNIT_FALSE=''
HAVE_CUNIT_TRUE='#'
HAVE_ETNAVIV_FALSE=''
HAVE_ETNAVIV_TRUE='#'
HAVE_EXYNOS_FALSE=''
HAVE_EXYNOS_TRUE='#'
HAVE_FREEDRENO_FALSE=''
HAVE_FREEDRENO_KGSL_FALSE=''
HAVE_FREEDRENO_KGSL_TRUE='#'
HAVE_FREEDRENO_TRUE='#'
HAVE_INSTALL_TESTS_FALSE=''
HAVE_INSTALL_TESTS_TRUE='#'
HAVE_INTEL_FALSE='#'
HAVE_INTEL_TRUE=''
HAVE_LIBKMS_FALSE='#'
HAVE_LIBKMS_TRUE=''
HAVE_MANPAGES_STYLESHEET_FALSE=''
HAVE_MANPAGES_STYLESHEET_TRUE='#'
HAVE_NOUVEAU_FALSE='#'
HAVE_NOUVEAU_TRUE=''
HAVE_OMAP_FALSE=''
HAVE_OMAP_TRUE='#'
HAVE_RADEON_FALSE='#'
HAVE_RADEON_TRUE=''
HAVE_TEGRA_FALSE=''
HAVE_TEGRA_TRUE='#'
HAVE_VC4_FALSE=''
HAVE_VC4_TRUE='#'
HAVE_VMWGFX_FALSE='#'
HAVE_VMWGFX_TRUE=''
HAVE_XSLTPROC_FALSE='#'
HAVE_XSLTPROC_TRUE=''
INSTALL_DATA='${INSTALL} -m 644'
INSTALL_PROGRAM='${INSTALL}'
INSTALL_SCRIPT='${INSTALL}'
INSTALL_STRIP_PROGRAM='$(install_sh) -c -s'
LD='/usr/bin/ld -m elf_x86_64'
LDFLAGS=''
LIBOBJS=''
LIBS=''
LIBTOOL='$(SHELL) $(top_builddir)/libtool'
LIB_MAN_DIR='$(mandir)/man$(LIB_MAN_SUFFIX)'
LIB_MAN_SUFFIX='3'
LIPO=''
LN_S='ln -s'
LTLIBOBJS=''
LT_SYS_LIBRARY_PATH=''
MAKEINFO='${SHELL} /home/inno/caoy/libdrm-2.4.100/build-aux/missing makeinfo'
MANIFEST_TOOL=':'
MANPAGES_STYLESHEET='http://docbook.sourceforge.net/release/xsl/current/manpages/docbook.xsl'
MAN_SUBSTS='	-e '\''s|__vendorversion__|"$(PACKAGE_STRING)" "$(XORG_MAN_PAGE)"|'\'' 	-e '\''s|__xorgversion__|"$(PACKAGE_STRING)" "$(XORG_MAN_PAGE)"|'\'' 	-e '\''s|__xservername__|Xorg|g'\'' 	-e '\''s|__xconfigfile__|xorg.conf|g'\'' 	-e '\''s|__projectroot__|$(prefix)|g'\'' 	-e '\''s|__apploaddir__|$(appdefaultdir)|g'\'' 	-e '\''s|__appmansuffix__|$(APP_MAN_SUFFIX)|g'\'' 	-e '\''s|__drivermansuffix__|$(DRIVER_MAN_SUFFIX)|g'\'' 	-e '\''s|__adminmansuffix__|$(ADMIN_MAN_SUFFIX)|g'\'' 	-e '\''s|__libmansuffix__|$(LIB_MAN_SUFFIX)|g'\'' 	-e '\''s|__miscmansuffix__|$(MISC_MAN_SUFFIX)|g'\'' 	-e '\''s|__filemansuffix__|$(FILE_MAN_SUFFIX)|g'\'''
MISC_MAN_DIR='$(mandir)/man$(MISC_MAN_SUFFIX)'
MISC_MAN_SUFFIX='7'
MKDIR_P='/bin/mkdir -p'
NM='/usr/bin/nm -B'
NMEDIT=''
OBJDUMP='objdump'
OBJEXT='o'
OTOOL64=''
OTOOL=''
PACKAGE='libdrm'
PACKAGE_BUGREPORT='https://bugs.freedesktop.org/enter_bug.cgi?product=DRI'
PACKAGE_NAME='libdrm'
PACKAGE_STRING='libdrm 2.4.100'
PACKAGE_TARNAME='libdrm'
PACKAGE_URL=''
PACKAGE_VERSION='2.4.100'
PATH_SEPARATOR=':'
PCIACCESS_CFLAGS=''
PCIACCESS_LIBS='-lpciaccess'
PKG_CONFIG='/usr/bin/pkg-config'
PKG_CONFIG_LIBDIR=''
PKG_CONFIG_PATH=''
PTHREADSTUBS_CFLAGS=''
PTHREADSTUBS_LIBS=''
RANLIB='ranlib'
SED='/bin/sed'
SET_MAKE=''
SHELL='/bin/bash'
STRIP='strip'
VALGRIND_CFLAGS='-I/usr/include/valgrind'
VALGRIND_LIBS='-L/usr/lib/valgrind -lcoregrind-amd64-linux -lvex-amd64-linux -lgcc'
VERSION='2.4.100'
WARN_CFLAGS=' -Wall -Wextra -Werror=undef -Wsign-compare -Werror-implicit-function-declaration -Wpointer-arith -Wwrite-strings -Wstrict-prototypes -Wmissing-prototypes -Wmissing-declarations -Wnested-externs -Wpacked -Wswitch-enum -Wmissing-format-attribute -Wstrict-aliasing=2 -Winit-self -Wdeclaration-after-statement -Wold-style-definition -Wno-unused-parameter -Wno-attributes -Wno-long-long -Winline -Wshadow -Wno-missing-field-initializers'
XORG_MAN_PAGE='X Version 11'
XSLTPROC='/usr/bin/xsltproc'
ac_ct_AR='ar'
ac_ct_CC='gcc'
ac_ct_DUMPBIN=''
am__EXEEXT_FALSE=''
am__EXEEXT_TRUE='#'
am__fastdepCC_FALSE='#'
am__fastdepCC_TRUE=''
am__include='include'
am__isrc=''
am__leading_dot='.'
am__nodep='_no'
am__quote=''
am__tar='$${TAR-tar} chof - "$$tardir"'
am__untar='$${TAR-tar} xf -'
bindir='${exec_prefix}/bin'
build='x86_64-pc-linux-gnu'
build_alias=''
build_cpu='x86_64'
build_os='linux-gnu'
build_vendor='pc'
datadir='${datarootdir}'
datarootdir='${prefix}/share'
docdir='${datarootdir}/doc/${PACKAGE_TARNAME}'
dvidir='${docdir}'
exec_prefix='${prefix}'
host='x86_64-pc-linux-gnu'
host_alias=''
host_cpu='x86_64'
host_os='linux-gnu'
host_vendor='pc'
htmldir='${docdir}'
includedir='${prefix}/include'
infodir='${datarootdir}/info'
install_sh='${SHELL} /home/inno/caoy/libdrm-2.4.100/build-aux/install-sh'
kernel_source=''
libdir='${exec_prefix}/lib'
libdrmdatadir='${datarootdir}/libdrm'
libexecdir='${exec_prefix}/libexec'
localedir='${datarootdir}/locale'
localstatedir='${prefix}/var'
mandir='${datarootdir}/man'
mkdir_p='$(MKDIR_P)'
oldincludedir='/usr/include'
pdfdir='${docdir}'
pkgconfigdir='${exec_prefix}/lib/pkgconfig'
prefix='/usr/local'
program_transform_name='s,x,x,'
psdir='${docdir}'
runstatedir='${localstatedir}/run'
sbindir='${exec_prefix}/sbin'
sharedstatedir='${prefix}/com'
sysconfdir='${prefix}/etc'
target_alias=''

## ----------- ##
## confdefs.h. ##
## ----------- ##

/* confdefs.h */
#define PACKAGE_NAME "libdrm"
#define PACKAGE_TARNAME "libdrm"
#define PACKAGE_VERSION "2.4.100"
#define PACKAGE_STRING "libdrm 2.4.100"
#define PACKAGE_BUGREPORT "https://bugs.freedesktop.org/enter_bug.cgi?product=DRI"
#define PACKAGE_URL ""
#define PACKAGE "libdrm"
#define VERSION "2.4.100"
#define STDC_HEADERS 1
#define HAVE_SYS_TYPES_H 1
#define HAVE_SYS_STAT_H 1
#define HAVE_STDLIB_H 1
#define HAVE_STRING_H 1
#define HAVE_MEMORY_H 1
#define HAVE_STRINGS_H 1
#define HAVE_INTTYPES_H 1
#define HAVE_STDINT_H 1
#define HAVE_UNISTD_H 1
#define __EXTENSIONS__ 1
#define _ALL_SOURCE 1
#define _GNU_SOURCE 1
#define _POSIX_PTHREAD_SEMANTICS 1
#define _TANDEM_SOURCE 1
#define HAVE_ALLOCA_H 1
#define HAVE_ALLOCA 1
#define MAJOR_IN_SYSMACROS 1
#define HAVE_SYS_SYSCTL_H 1
#define HAVE_SYS_SELECT_H 1
#define HAVE_DLFCN_H 1
#define LT_OBJDIR ".libs/"
#define HAVE_CLOCK_GETTIME 1
#define HAVE_OPEN_MEMSTREAM 1
#define HAVE_OPEN_MEMSTREAM 1
#define HAVE_LIBDRM_ATOMIC_PRIMITIVES 1
#define HAVE_LIB_ATOMIC_OPS 0
#define UDEV 0
#define HAVE_INTEL 1
#define HAVE_VMWGFX 1
#define HAVE_NOUVEAU 1
#define HAVE_EXYNOS 0
#define HAVE_FREEDRENO_KGSL 0
#define HAVE_RADEON 1
#define HAVE_AMDGPU 1
#define HAVE_VC4 0
#define HAVE_CAIRO 0
#define HAVE_VALGRIND 1
#define HAVE_VISIBILITY 1

configure: exit 0
